# JRE version: Java(TM) SE Runtime Environment (8.0_202-b08) (build 1.8.0_202-b08)
# Java VM: Java HotSpot(TM) 64-Bit Server VM (25.202-b08 mixed mode windows-amd64 compressed oops)
Heap:
 PSYoungGen      total 201728K, used 82226K [0x00000000eb580000, 0x00000000fc900000, 0x0000000100000000)
  eden space 191488K, 41% used [0x00000000eb580000,0x00000000f029ca90,0x00000000f7080000)
  from space 10240K, 31% used [0x00000000f7080000,0x00000000f73b0000,0x00000000f7a80000)
  to   space 9728K, 0% used [0x00000000fbf80000,0x00000000fbf80000,0x00000000fc900000)
 ParOldGen       total 40448K, used 16425K [0x00000000c2000000, 0x00000000c4780000, 0x00000000eb580000)
  object space 40448K, 40% used [0x00000000c2000000,0x00000000c300a748,0x00000000c4780000)
 Metaspace       used 37709K, capacity 39768K, committed 40024K, reserved 1083392K
  class space    used 5044K, capacity 5412K, committed 5464K, reserved 1048576K
GC Heap History (10 events):
Event: 14.857 GC heap before
{Heap before GC invocations=13 (full 1):
 PSYoungGen      total 101888K, used 21365K [0x00000000eb580000, 0x00000000f5000000, 0x0000000100000000)
  eden space 94720K, 15% used [0x00000000eb580000,0x00000000ec3603c0,0x00000000f1200000)
  from space 7168K, 99% used [0x00000000f1200000,0x00000000f18fd138,0x00000000f1900000)
  to   space 9728K, 0% used [0x00000000f4680000,0x00000000f4680000,0x00000000f5000000)
 ParOldGen       total 28160K, used 15593K [0x00000000c2000000, 0x00000000c3b80000, 0x00000000eb580000)
  object space 28160K, 55% used [0x00000000c2000000,0x00000000c2f3a6e0,0x00000000c3b80000)
 Metaspace       used 33451K, capacity 35322K, committed 35416K, reserved 1079296K
  class space    used 4539K, capacity 4895K, committed 4952K, reserved 1048576K
Event: 14.871 GC heap after
Heap after GC invocations=13 (full 1):
 PSYoungGen      total 142336K, used 2074K [0x00000000eb580000, 0x00000000f4d00000, 0x0000000100000000)
  eden space 135680K, 0% used [0x00000000eb580000,0x00000000eb580000,0x00000000f3a00000)
  from space 6656K, 31% used [0x00000000f4680000,0x00000000f4886970,0x00000000f4d00000)
  to   space 9728K, 0% used [0x00000000f3a00000,0x00000000f3a00000,0x00000000f4380000)
 ParOldGen       total 28160K, used 19118K [0x00000000c2000000, 0x00000000c3b80000, 0x00000000eb580000)
  object space 28160K, 67% used [0x00000000c2000000,0x00000000c32abb88,0x00000000c3b80000)
 Metaspace       used 33451K, capacity 35322K, committed 35416K, reserved 1079296K
  class space    used 4539K, capacity 4895K, committed 4952K, reserved 1048576K
}
Event: 14.872 GC heap before
{Heap before GC invocations=14 (full 2):
 PSYoungGen      total 142336K, used 2074K [0x00000000eb580000, 0x00000000f4d00000, 0x0000000100000000)
  eden space 135680K, 0% used [0x00000000eb580000,0x00000000eb580000,0x00000000f3a00000)
  from space 6656K, 31% used [0x00000000f4680000,0x00000000f4886970,0x00000000f4d00000)
  to   space 9728K, 0% used [0x00000000f3a00000,0x00000000f3a00000,0x00000000f4380000)
 ParOldGen       total 28160K, used 19118K [0x00000000c2000000, 0x00000000c3b80000, 0x00000000eb580000)
  object space 28160K, 67% used [0x00000000c2000000,0x00000000c32abb88,0x00000000c3b80000)
 Metaspace       used 33451K, capacity 35322K, committed 35416K, reserved 1079296K
  class space    used 4539K, capacity 4895K, committed 4952K, reserved 1048576K
Event: 14.984 GC heap after
Heap after GC invocations=14 (full 2):
 PSYoungGen      total 142336K, used 0K [0x00000000eb580000, 0x00000000f4d00000, 0x0000000100000000)
  eden space 135680K, 0% used [0x00000000eb580000,0x00000000eb580000,0x00000000f3a00000)
  from space 6656K, 0% used [0x00000000f4680000,0x00000000f4680000,0x00000000f4d00000)
  to   space 9728K, 0% used [0x00000000f3a00000,0x00000000f3a00000,0x00000000f4380000)
 ParOldGen       total 40448K, used 13783K [0x00000000c2000000, 0x00000000c4780000, 0x00000000eb580000)
  object space 40448K, 34% used [0x00000000c2000000,0x00000000c2d75e08,0x00000000c4780000)
 Metaspace       used 33451K, capacity 35322K, committed 35416K, reserved 1079296K
  class space    used 4539K, capacity 4895K, committed 4952K, reserved 1048576K
}
Event: 37.025 GC heap before
{Heap before GC invocations=15 (full 2):
 PSYoungGen      total 142336K, used 135680K [0x00000000eb580000, 0x00000000f4d00000, 0x0000000100000000)
  eden space 135680K, 100% used [0x00000000eb580000,0x00000000f3a00000,0x00000000f3a00000)
  from space 6656K, 0% used [0x00000000f4680000,0x00000000f4680000,0x00000000f4d00000)
  to   space 9728K, 0% used [0x00000000f3a00000,0x00000000f3a00000,0x00000000f4380000)
 ParOldGen       total 40448K, used 13783K [0x00000000c2000000, 0x00000000c4780000, 0x00000000eb580000)
  object space 40448K, 34% used [0x00000000c2000000,0x00000000c2d75e08,0x00000000c4780000)
 Metaspace       used 37207K, capacity 39216K, committed 39512K, reserved 1083392K
  class space    used 4995K, capacity 5378K, committed 5464K, reserved 1048576K
Event: 37.050 GC heap after
Heap after GC invocations=15 (full 2):
 PSYoungGen      total 145408K, used 7349K [0x00000000eb580000, 0x00000000f8900000, 0x0000000100000000)
  eden space 135680K, 0% used [0x00000000eb580000,0x00000000eb580000,0x00000000f3a00000)
  from space 9728K, 75% used [0x00000000f3a00000,0x00000000f412d488,0x00000000f4380000)
  to   space 10240K, 0% used [0x00000000f7f00000,0x00000000f7f00000,0x00000000f8900000)
 ParOldGen       total 40448K, used 13791K [0x00000000c2000000, 0x00000000c4780000, 0x00000000eb580000)
  object space 40448K, 34% used [0x00000000c2000000,0x00000000c2d77e08,0x00000000c4780000)
 Metaspace       used 37207K, capacity 39216K, committed 39512K, reserved 1083392K
  class space    used 4995K, capacity 5378K, committed 5464K, reserved 1048576K
}
Event: 61.030 GC heap before
{Heap before GC invocations=16 (full 2):
 PSYoungGen      total 145408K, used 143029K [0x00000000eb580000, 0x00000000f8900000, 0x0000000100000000)
  eden space 135680K, 100% used [0x00000000eb580000,0x00000000f3a00000,0x00000000f3a00000)
  from space 9728K, 75% used [0x00000000f3a00000,0x00000000f412d488,0x00000000f4380000)
  to   space 10240K, 0% used [0x00000000f7f00000,0x00000000f7f00000,0x00000000f8900000)
 ParOldGen       total 40448K, used 13791K [0x00000000c2000000, 0x00000000c4780000, 0x00000000eb580000)
  object space 40448K, 34% used [0x00000000c2000000,0x00000000c2d77e08,0x00000000c4780000)
 Metaspace       used 37211K, capacity 39216K, committed 39512K, reserved 1083392K
  class space    used 4996K, capacity 5378K, committed 5464K, reserved 1048576K
Event: 61.063 GC heap after
Heap after GC invocations=16 (full 2):
 PSYoungGen      total 197120K, used 2304K [0x00000000eb580000, 0x00000000f8480000, 0x0000000100000000)
  eden space 191488K, 0% used [0x00000000eb580000,0x00000000eb580000,0x00000000f7080000)
  from space 5632K, 40% used [0x00000000f7f00000,0x00000000f8140000,0x00000000f8480000)
  to   space 10240K, 0% used [0x00000000f7080000,0x00000000f7080000,0x00000000f7a80000)
 ParOldGen       total 40448K, used 16401K [0x00000000c2000000, 0x00000000c4780000, 0x00000000eb580000)
  object space 40448K, 40% used [0x00000000c2000000,0x00000000c3004748,0x00000000c4780000)
 Metaspace       used 37211K, capacity 39216K, committed 39512K, reserved 1083392K
  class space    used 4996K, capacity 5378K, committed 5464K, reserved 1048576K
}
Event: 98.862 GC heap before
{Heap before GC invocations=17 (full 2):
 PSYoungGen      total 197120K, used 193792K [0x00000000eb580000, 0x00000000f8480000, 0x0000000100000000)
  eden space 191488K, 100% used [0x00000000eb580000,0x00000000f7080000,0x00000000f7080000)
  from space 5632K, 40% used [0x00000000f7f00000,0x00000000f8140000,0x00000000f8480000)
  to   space 10240K, 0% used [0x00000000f7080000,0x00000000f7080000,0x00000000f7a80000)
 ParOldGen       total 40448K, used 16401K [0x00000000c2000000, 0x00000000c4780000, 0x00000000eb580000)
  object space 40448K, 40% used [0x00000000c2000000,0x00000000c3004748,0x00000000c4780000)
 Metaspace       used 37218K, capacity 39216K, committed 39512K, reserved 1083392K
  class space    used 4997K, capacity 5378K, committed 5464K, reserved 1048576K
Event: 98.892 GC heap after
Heap after GC invocations=17 (full 2):
 PSYoungGen      total 201728K, used 3264K [0x00000000eb580000, 0x00000000fc900000, 0x0000000100000000)
  eden space 191488K, 0% used [0x00000000eb580000,0x00000000eb580000,0x00000000f7080000)
  from space 10240K, 31% used [0x00000000f7080000,0x00000000f73b0000,0x00000000f7a80000)
  to   space 9728K, 0% used [0x00000000fbf80000,0x00000000fbf80000,0x00000000fc900000)
 ParOldGen       total 40448K, used 16425K [0x00000000c2000000, 0x00000000c4780000, 0x00000000eb580000)
  object space 40448K, 40% used [0x00000000c2000000,0x00000000c300a748,0x00000000c4780000)
 Metaspace       used 37218K, capacity 39216K, committed 39512K, reserved 1083392K
  class space    used 4997K, capacity 5378K, committed 5464K, reserved 1048576K
}

