# JRE version: Java(TM) SE Runtime Environment (8.0_202-b08) (build 1.8.0_202-b08)
# Java VM: Java HotSpot(TM) 64-Bit Server VM (25.202-b08 mixed mode windows-amd64 compressed oops)
Heap:
 PSYoungGen      total 158720K, used 89441K [0x00000000eb580000, 0x00000000f7900000, 0x0000000100000000)
  eden space 150016K, 57% used [0x00000000eb580000,0x00000000f092c650,0x00000000f4800000)
  from space 8704K, 43% used [0x00000000f4800000,0x00000000f4bac040,0x00000000f5080000)
  to   space 8704K, 0% used [0x00000000f7080000,0x00000000f7080000,0x00000000f7900000)
 ParOldGen       total 51200K, used 17340K [0x00000000c2000000, 0x00000000c5200000, 0x00000000eb580000)
  object space 51200K, 33% used [0x00000000c2000000,0x00000000c30ef038,0x00000000c5200000)
 Metaspace       used 37167K, capacity 39154K, committed 39512K, reserved 1083392K
  class space    used 5018K, capacity 5401K, committed 5504K, reserved 1048576K
GC Heap History (10 events):
Event: 26.787 GC heap before
{Heap before GC invocations=13 (full 1):
 PSYoungGen      total 103936K, used 61989K [0x00000000eb580000, 0x00000000f3c80000, 0x0000000100000000)
  eden space 97280K, 56% used [0x00000000eb580000,0x00000000eeb8aa08,0x00000000f1480000)
  from space 6656K, 99% used [0x00000000f1480000,0x00000000f1afea70,0x00000000f1b00000)
  to   space 8704K, 0% used [0x00000000f3400000,0x00000000f3400000,0x00000000f3c80000)
 ParOldGen       total 28672K, used 9304K [0x00000000c2000000, 0x00000000c3c00000, 0x00000000eb580000)
  object space 28672K, 32% used [0x00000000c2000000,0x00000000c2916090,0x00000000c3c00000)
 Metaspace       used 33518K, capacity 35292K, committed 35416K, reserved 1079296K
  class space    used 4590K, capacity 4925K, committed 4992K, reserved 1048576K
Event: 26.806 GC heap after
Heap after GC invocations=13 (full 1):
 PSYoungGen      total 128512K, used 8180K [0x00000000eb580000, 0x00000000f4900000, 0x0000000100000000)
  eden space 119808K, 0% used [0x00000000eb580000,0x00000000eb580000,0x00000000f2a80000)
  from space 8704K, 93% used [0x00000000f3400000,0x00000000f3bfd280,0x00000000f3c80000)
  to   space 9728K, 0% used [0x00000000f2a80000,0x00000000f2a80000,0x00000000f3400000)
 ParOldGen       total 28672K, used 12245K [0x00000000c2000000, 0x00000000c3c00000, 0x00000000eb580000)
  object space 28672K, 42% used [0x00000000c2000000,0x00000000c2bf5530,0x00000000c3c00000)
 Metaspace       used 33518K, capacity 35292K, committed 35416K, reserved 1079296K
  class space    used 4590K, capacity 4925K, committed 4992K, reserved 1048576K
}
Event: 26.806 GC heap before
{Heap before GC invocations=14 (full 2):
 PSYoungGen      total 128512K, used 8180K [0x00000000eb580000, 0x00000000f4900000, 0x0000000100000000)
  eden space 119808K, 0% used [0x00000000eb580000,0x00000000eb580000,0x00000000f2a80000)
  from space 8704K, 93% used [0x00000000f3400000,0x00000000f3bfd280,0x00000000f3c80000)
  to   space 9728K, 0% used [0x00000000f2a80000,0x00000000f2a80000,0x00000000f3400000)
 ParOldGen       total 28672K, used 12245K [0x00000000c2000000, 0x00000000c3c00000, 0x00000000eb580000)
  object space 28672K, 42% used [0x00000000c2000000,0x00000000c2bf5530,0x00000000c3c00000)
 Metaspace       used 33518K, capacity 35292K, committed 35416K, reserved 1079296K
  class space    used 4590K, capacity 4925K, committed 4992K, reserved 1048576K
Event: 26.925 GC heap after
Heap after GC invocations=14 (full 2):
 PSYoungGen      total 128512K, used 0K [0x00000000eb580000, 0x00000000f4900000, 0x0000000100000000)
  eden space 119808K, 0% used [0x00000000eb580000,0x00000000eb580000,0x00000000f2a80000)
  from space 8704K, 0% used [0x00000000f3400000,0x00000000f3400000,0x00000000f3c80000)
  to   space 9728K, 0% used [0x00000000f2a80000,0x00000000f2a80000,0x00000000f3400000)
 ParOldGen       total 51200K, used 17316K [0x00000000c2000000, 0x00000000c5200000, 0x00000000eb580000)
  object space 51200K, 33% used [0x00000000c2000000,0x00000000c30e9038,0x00000000c5200000)
 Metaspace       used 33518K, capacity 35292K, committed 35416K, reserved 1079296K
  class space    used 4590K, capacity 4925K, committed 4992K, reserved 1048576K
}
Event: 52.656 GC heap before
{Heap before GC invocations=15 (full 2):
 PSYoungGen      total 128512K, used 119808K [0x00000000eb580000, 0x00000000f4900000, 0x0000000100000000)
  eden space 119808K, 100% used [0x00000000eb580000,0x00000000f2a80000,0x00000000f2a80000)
  from space 8704K, 0% used [0x00000000f3400000,0x00000000f3400000,0x00000000f3c80000)
  to   space 9728K, 0% used [0x00000000f2a80000,0x00000000f2a80000,0x00000000f3400000)
 ParOldGen       total 51200K, used 17316K [0x00000000c2000000, 0x00000000c5200000, 0x00000000eb580000)
  object space 51200K, 33% used [0x00000000c2000000,0x00000000c30e9038,0x00000000c5200000)
 Metaspace       used 36267K, capacity 38170K, committed 38232K, reserved 1083392K
  class space    used 4901K, capacity 5244K, committed 5248K, reserved 1048576K
Event: 52.677 GC heap after
Heap after GC invocations=15 (full 2):
 PSYoungGen      total 129536K, used 4732K [0x00000000eb580000, 0x00000000f5e00000, 0x0000000100000000)
  eden space 119808K, 0% used [0x00000000eb580000,0x00000000eb580000,0x00000000f2a80000)
  from space 9728K, 48% used [0x00000000f2a80000,0x00000000f2f1f0d0,0x00000000f3400000)
  to   space 9216K, 0% used [0x00000000f5500000,0x00000000f5500000,0x00000000f5e00000)
 ParOldGen       total 51200K, used 17324K [0x00000000c2000000, 0x00000000c5200000, 0x00000000eb580000)
  object space 51200K, 33% used [0x00000000c2000000,0x00000000c30eb038,0x00000000c5200000)
 Metaspace       used 36267K, capacity 38170K, committed 38232K, reserved 1083392K
  class space    used 4901K, capacity 5244K, committed 5248K, reserved 1048576K
}
Event: 78.177 GC heap before
{Heap before GC invocations=16 (full 2):
 PSYoungGen      total 129536K, used 124540K [0x00000000eb580000, 0x00000000f5e00000, 0x0000000100000000)
  eden space 119808K, 100% used [0x00000000eb580000,0x00000000f2a80000,0x00000000f2a80000)
  from space 9728K, 48% used [0x00000000f2a80000,0x00000000f2f1f0d0,0x00000000f3400000)
  to   space 9216K, 0% used [0x00000000f5500000,0x00000000f5500000,0x00000000f5e00000)
 ParOldGen       total 51200K, used 17324K [0x00000000c2000000, 0x00000000c5200000, 0x00000000eb580000)
  object space 51200K, 33% used [0x00000000c2000000,0x00000000c30eb038,0x00000000c5200000)
 Metaspace       used 36650K, capacity 38616K, committed 38872K, reserved 1083392K
  class space    used 4966K, capacity 5332K, committed 5376K, reserved 1048576K
Event: 78.197 GC heap after
Heap after GC invocations=16 (full 2):
 PSYoungGen      total 154112K, used 3184K [0x00000000eb580000, 0x00000000f5900000, 0x0000000100000000)
  eden space 150016K, 0% used [0x00000000eb580000,0x00000000eb580000,0x00000000f4800000)
  from space 4096K, 77% used [0x00000000f5500000,0x00000000f581c080,0x00000000f5900000)
  to   space 8704K, 0% used [0x00000000f4800000,0x00000000f4800000,0x00000000f5080000)
 ParOldGen       total 51200K, used 17332K [0x00000000c2000000, 0x00000000c5200000, 0x00000000eb580000)
  object space 51200K, 33% used [0x00000000c2000000,0x00000000c30ed038,0x00000000c5200000)
 Metaspace       used 36650K, capacity 38616K, committed 38872K, reserved 1083392K
  class space    used 4966K, capacity 5332K, committed 5376K, reserved 1048576K
}
Event: 106.109 GC heap before
{Heap before GC invocations=17 (full 2):
 PSYoungGen      total 154112K, used 153200K [0x00000000eb580000, 0x00000000f5900000, 0x0000000100000000)
  eden space 150016K, 100% used [0x00000000eb580000,0x00000000f4800000,0x00000000f4800000)
  from space 4096K, 77% used [0x00000000f5500000,0x00000000f581c080,0x00000000f5900000)
  to   space 8704K, 0% used [0x00000000f4800000,0x00000000f4800000,0x00000000f5080000)
 ParOldGen       total 51200K, used 17332K [0x00000000c2000000, 0x00000000c5200000, 0x00000000eb580000)
  object space 51200K, 33% used [0x00000000c2000000,0x00000000c30ed038,0x00000000c5200000)
 Metaspace       used 36670K, capacity 38634K, committed 38872K, reserved 1083392K
  class space    used 4969K, capacity 5335K, committed 5376K, reserved 1048576K
Event: 106.131 GC heap after
Heap after GC invocations=17 (full 2):
 PSYoungGen      total 158720K, used 3760K [0x00000000eb580000, 0x00000000f7900000, 0x0000000100000000)
  eden space 150016K, 0% used [0x00000000eb580000,0x00000000eb580000,0x00000000f4800000)
  from space 8704K, 43% used [0x00000000f4800000,0x00000000f4bac040,0x00000000f5080000)
  to   space 8704K, 0% used [0x00000000f7080000,0x00000000f7080000,0x00000000f7900000)
 ParOldGen       total 51200K, used 17340K [0x00000000c2000000, 0x00000000c5200000, 0x00000000eb580000)
  object space 51200K, 33% used [0x00000000c2000000,0x00000000c30ef038,0x00000000c5200000)
 Metaspace       used 36670K, capacity 38634K, committed 38872K, reserved 1083392K
  class space    used 4969K, capacity 5335K, committed 5376K, reserved 1048576K
}

